        -:    0:Source:/cygdrive/c/Users/Juan/Desktop/TPI-toroide/tests/EJ02_toroideMuertoTEST.cpp
        -:    0:Graph:/cygdrive/c/Users/Juan/Desktop/TPI-toroide/cmake-build-debug/CMakeFiles/juegoDeLaVida.dir/tests/EJ02_toroideMuertoTEST.gcno
        -:    0:Data:/cygdrive/c/Users/Juan/Desktop/TPI-toroide/cmake-build-debug/CMakeFiles/juegoDeLaVida.dir/tests/EJ02_toroideMuertoTEST.gcda
        -:    0:Runs:1
        -:    1:#include "../ejercicios.h"
        -:    2:#include "../auxiliares.h"
        -:    3:#include "gtest/gtest.h"
        -:    4:#include <algorithm>
        -:    5:
        -:    6:using namespace std;
        -:    7:
        2:    8:TEST(toroideMuertoTEST, toroideDiagonalVivas){
        -:    9:    toroide t = {
        -:   10:            {true, false, false},
        -:   11:            {false, true, false},
        -:   12:            {false, false, true},
        -:   13:            {true, false, false},
        -:   14:            {false, true, false},
       10:   15:            {false, false, true}};
        -:   16:
       1*:   17:    EXPECT_FALSE(toroideMuerto(t));
        1:   18:}
------------------
_ZN43toroideMuertoTEST_toroideDiagonalVivas_Test8TestBodyEv:
        1:    8:TEST(toroideMuertoTEST, toroideDiagonalVivas){
        -:    9:    toroide t = {
        -:   10:            {true, false, false},
        -:   11:            {false, true, false},
        -:   12:            {false, false, true},
        -:   13:            {true, false, false},
        -:   14:            {false, true, false},
       10:   15:            {false, false, true}};
        1:   15-block  0
        1:   15-block  1
        1:   15-block  2
        1:   15-block  3
        1:   15-block  4
        1:   15-block  5
        1:   15-block  6
        6:   15-block  7
        1:   15-block  8
    $$$$$:   15-block  9
    $$$$$:   15-block 10
    $$$$$:   15-block 11
    $$$$$:   15-block 12
    $$$$$:   15-block 13
    $$$$$:   15-block 14
    $$$$$:   15-block 15
    $$$$$:   15-block 16
    $$$$$:   15-block 17
    $$$$$:   15-block 18
    $$$$$:   15-block 19
    $$$$$:   15-block 20
    $$$$$:   15-block 21
    $$$$$:   15-block 22
    $$$$$:   15-block 23
    $$$$$:   15-block 24
        -:   16:
       1*:   17:    EXPECT_FALSE(toroideMuerto(t));
        1:   17-block  0
        1:   17-block  1
    %%%%%:   17-block  2
    %%%%%:   17-block  3
    %%%%%:   17-block  4
    %%%%%:   17-block  5
    %%%%%:   17-block  6
        1:   17-block  7
    $$$$$:   17-block  8
    $$$$$:   17-block  9
    $$$$$:   17-block 10
    $$$$$:   17-block 11
    $$$$$:   17-block 12
    $$$$$:   17-block 13
    $$$$$:   17-block 14
    $$$$$:   17-block 15
        1:   18:}
------------------
_ZN43toroideMuertoTEST_toroideDiagonalVivas_TestC1Ev:
        1:    8:TEST(toroideMuertoTEST, toroideDiagonalVivas){
        1:    8-block  0
------------------
        -:   19:/*#########TESTs Agregados por nosotros#########*/
        2:   20:TEST(toroideMuertoTEST, toroideMuerto){
        -:   21:    toroide t = {
        -:   22:            {false, false, false},
        -:   23:            {false, false, false},
        7:   24:            {false, false, false}};
        -:   25:
       1*:   26:    EXPECT_TRUE(toroideMuerto(t));
        1:   27:}
------------------
_ZN36toroideMuertoTEST_toroideMuerto_Test8TestBodyEv:
        1:   20:TEST(toroideMuertoTEST, toroideMuerto){
        -:   21:    toroide t = {
        -:   22:            {false, false, false},
        -:   23:            {false, false, false},
        7:   24:            {false, false, false}};
        1:   24-block  0
        1:   24-block  1
        1:   24-block  2
        1:   24-block  3
        3:   24-block  4
        1:   24-block  5
    $$$$$:   24-block  6
    $$$$$:   24-block  7
    $$$$$:   24-block  8
    $$$$$:   24-block  9
    $$$$$:   24-block 10
    $$$$$:   24-block 11
    $$$$$:   24-block 12
    $$$$$:   24-block 13
    $$$$$:   24-block 14
    $$$$$:   24-block 15
        -:   25:
       1*:   26:    EXPECT_TRUE(toroideMuerto(t));
        1:   26-block  0
        1:   26-block  1
    %%%%%:   26-block  2
    %%%%%:   26-block  3
    %%%%%:   26-block  4
    %%%%%:   26-block  5
    %%%%%:   26-block  6
        1:   26-block  7
    $$$$$:   26-block  8
    $$$$$:   26-block  9
    $$$$$:   26-block 10
    $$$$$:   26-block 11
    $$$$$:   26-block 12
    $$$$$:   26-block 13
    $$$$$:   26-block 14
    $$$$$:   26-block 15
        1:   27:}
------------------
_ZN36toroideMuertoTEST_toroideMuerto_TestC1Ev:
        1:   20:TEST(toroideMuertoTEST, toroideMuerto){
        1:   20-block  0
------------------
        -:   28:
        2:   29:TEST(toroideMuertoTEST, toroideTodasVivas){
        -:   30:    toroide t = {
        -:   31:            {true, true, true},
        -:   32:            {true, true,true},
        7:   33:            {true, true, true}};
        -:   34:
       1*:   35:    EXPECT_FALSE(toroideMuerto(t));
        1:   36:}
------------------
_ZN40toroideMuertoTEST_toroideTodasVivas_Test8TestBodyEv:
        1:   29:TEST(toroideMuertoTEST, toroideTodasVivas){
        -:   30:    toroide t = {
        -:   31:            {true, true, true},
        -:   32:            {true, true,true},
        7:   33:            {true, true, true}};
        1:   33-block  0
        1:   33-block  1
        1:   33-block  2
        1:   33-block  3
        3:   33-block  4
        1:   33-block  5
    $$$$$:   33-block  6
    $$$$$:   33-block  7
    $$$$$:   33-block  8
    $$$$$:   33-block  9
    $$$$$:   33-block 10
    $$$$$:   33-block 11
    $$$$$:   33-block 12
    $$$$$:   33-block 13
    $$$$$:   33-block 14
    $$$$$:   33-block 15
        -:   34:
       1*:   35:    EXPECT_FALSE(toroideMuerto(t));
        1:   35-block  0
        1:   35-block  1
    %%%%%:   35-block  2
    %%%%%:   35-block  3
    %%%%%:   35-block  4
    %%%%%:   35-block  5
    %%%%%:   35-block  6
        1:   35-block  7
    $$$$$:   35-block  8
    $$$$$:   35-block  9
    $$$$$:   35-block 10
    $$$$$:   35-block 11
    $$$$$:   35-block 12
    $$$$$:   35-block 13
    $$$$$:   35-block 14
    $$$$$:   35-block 15
        1:   36:}
------------------
_ZN40toroideMuertoTEST_toroideTodasVivas_TestC1Ev:
        1:   29:TEST(toroideMuertoTEST, toroideTodasVivas){
        1:   29-block  0
------------------
