        -:    0:Source:/cygdrive/c/Users/Juan/Desktop/TPI-toroide/tests/EJ04_densidadPoblacionTEST.cpp
        -:    0:Graph:/cygdrive/c/Users/Juan/Desktop/TPI-toroide/cmake-build-debug/CMakeFiles/juegoDeLaVida.dir/tests/EJ04_densidadPoblacionTEST.gcno
        -:    0:Data:/cygdrive/c/Users/Juan/Desktop/TPI-toroide/cmake-build-debug/CMakeFiles/juegoDeLaVida.dir/tests/EJ04_densidadPoblacionTEST.gcda
        -:    0:Runs:1
        -:    1:#include "../ejercicios.h"
        -:    2:#include "gtest/gtest.h"
        -:    3:
        -:    4:using namespace std;
        -:    5:
        2:    6:TEST(densidadPoblacionTEST, toroideDiagonal){
        2:    7:    vector<bool> a = { true, true, true, true };
        8:    8:    toroide t = { a, a, a, a, a };
       1*:    9:    EXPECT_NEAR(densidadPoblacion(t), 1.0, 0.01);
        1:   10:}
------------------
_ZN42densidadPoblacionTEST_toroideDiagonal_Test8TestBodyEv:
        1:    6:TEST(densidadPoblacionTEST, toroideDiagonal){
        2:    7:    vector<bool> a = { true, true, true, true };
        1:    7-block  0
    $$$$$:    7-block  1
    $$$$$:    7-block  2
    $$$$$:    7-block  3
        8:    8:    toroide t = { a, a, a, a, a };
        1:    8-block  0
        1:    8-block  1
        1:    8-block  2
        1:    8-block  3
        1:    8-block  4
        5:    8-block  5
    $$$$$:    8-block  6
    $$$$$:    8-block  7
    $$$$$:    8-block  8
    $$$$$:    8-block  9
       1*:    9:    EXPECT_NEAR(densidadPoblacion(t), 1.0, 0.01);
        1:    9-block  0
        1:    9-block  1
        1:    9-block  2
    %%%%%:    9-block  3
    %%%%%:    9-block  4
    %%%%%:    9-block  5
    %%%%%:    9-block  6
    %%%%%:    9-block  7
        1:    9-block  8
    $$$$$:    9-block  9
    $$$$$:    9-block 10
    $$$$$:    9-block 11
    $$$$$:    9-block 12
    $$$$$:    9-block 13
        1:   10:}
------------------
_ZN42densidadPoblacionTEST_toroideDiagonal_TestC1Ev:
        1:    6:TEST(densidadPoblacionTEST, toroideDiagonal){
        1:    6-block  0
------------------
        -:   11:/*##############Nuestros TEST ###*/
        2:   12:TEST(densidadPoblacionTEST, toroideMuertoAreaVivaCero){
        -:   13:    toroide t = {
        -:   14:            {false,false,false},
        -:   15:            {false,false,false},
        7:   16:            {false,false,false}};
        -:   17:
       1*:   18:    EXPECT_NEAR(densidadPoblacion(t), 0, 0.01);
        1:   19:}
------------------
_ZN52densidadPoblacionTEST_toroideMuertoAreaVivaCero_Test8TestBodyEv:
        1:   12:TEST(densidadPoblacionTEST, toroideMuertoAreaVivaCero){
        -:   13:    toroide t = {
        -:   14:            {false,false,false},
        -:   15:            {false,false,false},
        7:   16:            {false,false,false}};
        1:   16-block  0
        1:   16-block  1
        1:   16-block  2
        1:   16-block  3
        3:   16-block  4
        1:   16-block  5
    $$$$$:   16-block  6
    $$$$$:   16-block  7
    $$$$$:   16-block  8
    $$$$$:   16-block  9
    $$$$$:   16-block 10
    $$$$$:   16-block 11
    $$$$$:   16-block 12
    $$$$$:   16-block 13
    $$$$$:   16-block 14
    $$$$$:   16-block 15
        -:   17:
       1*:   18:    EXPECT_NEAR(densidadPoblacion(t), 0, 0.01);
        1:   18-block  0
        1:   18-block  1
    %%%%%:   18-block  2
    %%%%%:   18-block  3
    %%%%%:   18-block  4
    %%%%%:   18-block  5
    %%%%%:   18-block  6
        1:   18-block  7
    $$$$$:   18-block  8
    $$$$$:   18-block  9
    $$$$$:   18-block 10
    $$$$$:   18-block 11
    $$$$$:   18-block 12
        1:   19:}
------------------
_ZN52densidadPoblacionTEST_toroideMuertoAreaVivaCero_TestC1Ev:
        1:   12:TEST(densidadPoblacionTEST, toroideMuertoAreaVivaCero){
        1:   12-block  0
------------------
        -:   20:
        -:   21:
        2:   22:TEST(densidadPoblacionTEST, toroideTodoVIvo){
        -:   23:    toroide t = {
        -:   24:            {true,true,true},
        -:   25:            {true,true,true},
        7:   26:            {true,true,true}};
        -:   27:
       1*:   28:    EXPECT_NEAR(densidadPoblacion(t), 1, 0.01);
        1:   29:}
------------------
_ZN42densidadPoblacionTEST_toroideTodoVIvo_Test8TestBodyEv:
        1:   22:TEST(densidadPoblacionTEST, toroideTodoVIvo){
        -:   23:    toroide t = {
        -:   24:            {true,true,true},
        -:   25:            {true,true,true},
        7:   26:            {true,true,true}};
        1:   26-block  0
        1:   26-block  1
        1:   26-block  2
        1:   26-block  3
        3:   26-block  4
        1:   26-block  5
    $$$$$:   26-block  6
    $$$$$:   26-block  7
    $$$$$:   26-block  8
    $$$$$:   26-block  9
    $$$$$:   26-block 10
    $$$$$:   26-block 11
    $$$$$:   26-block 12
    $$$$$:   26-block 13
    $$$$$:   26-block 14
    $$$$$:   26-block 15
        -:   27:
       1*:   28:    EXPECT_NEAR(densidadPoblacion(t), 1, 0.01);
        1:   28-block  0
        1:   28-block  1
    %%%%%:   28-block  2
    %%%%%:   28-block  3
    %%%%%:   28-block  4
    %%%%%:   28-block  5
    %%%%%:   28-block  6
        1:   28-block  7
    $$$$$:   28-block  8
    $$$$$:   28-block  9
    $$$$$:   28-block 10
    $$$$$:   28-block 11
    $$$$$:   28-block 12
        1:   29:}
------------------
_ZN42densidadPoblacionTEST_toroideTodoVIvo_TestC1Ev:
        1:   22:TEST(densidadPoblacionTEST, toroideTodoVIvo){
        1:   22-block  0
------------------
        -:   30:
        2:   31:TEST(densidadPoblacionTEST, toroide3Vivos){
        -:   32:    toroide t = {{true,false,false},
        -:   33:                 {false,true,false},
        7:   34:                 {false,false,true}};
        -:   35:
       1*:   36:    EXPECT_NEAR(densidadPoblacion(t), 0.33,0.01);
        1:   37:}
------------------
_ZN40densidadPoblacionTEST_toroide3Vivos_Test8TestBodyEv:
        1:   31:TEST(densidadPoblacionTEST, toroide3Vivos){
        -:   32:    toroide t = {{true,false,false},
        -:   33:                 {false,true,false},
        7:   34:                 {false,false,true}};
        1:   34-block  0
        1:   34-block  1
        1:   34-block  2
        1:   34-block  3
        3:   34-block  4
        1:   34-block  5
    $$$$$:   34-block  6
    $$$$$:   34-block  7
    $$$$$:   34-block  8
    $$$$$:   34-block  9
    $$$$$:   34-block 10
    $$$$$:   34-block 11
    $$$$$:   34-block 12
    $$$$$:   34-block 13
    $$$$$:   34-block 14
    $$$$$:   34-block 15
        -:   35:
       1*:   36:    EXPECT_NEAR(densidadPoblacion(t), 0.33,0.01);
        1:   36-block  0
        1:   36-block  1
    %%%%%:   36-block  2
    %%%%%:   36-block  3
    %%%%%:   36-block  4
    %%%%%:   36-block  5
    %%%%%:   36-block  6
        1:   36-block  7
    $$$$$:   36-block  8
    $$$$$:   36-block  9
    $$$$$:   36-block 10
    $$$$$:   36-block 11
    $$$$$:   36-block 12
        1:   37:}
------------------
_ZN40densidadPoblacionTEST_toroide3Vivos_TestC1Ev:
        1:   31:TEST(densidadPoblacionTEST, toroide3Vivos){
        1:   31-block  0
------------------
        -:   38:
        -:   39:
        2:   40:TEST(densidadPoblacionTEST, unoSoloVivo){
        -:   41:    toroide t = {{false,false,false,false},
        -:   42:                 {false,false,false,false},
        -:   43:                 {false,false,true,false},
        8:   44:                 {false,false,false,false}};
        -:   45:
       1*:   46:    EXPECT_NEAR(densidadPoblacion(t), 0.062,0.001);
        1:   47:}
------------------
_ZN38densidadPoblacionTEST_unoSoloVivo_Test8TestBodyEv:
        1:   40:TEST(densidadPoblacionTEST, unoSoloVivo){
        -:   41:    toroide t = {{false,false,false,false},
        -:   42:                 {false,false,false,false},
        -:   43:                 {false,false,true,false},
        8:   44:                 {false,false,false,false}};
        1:   44-block  0
        1:   44-block  1
        1:   44-block  2
        1:   44-block  3
        1:   44-block  4
        4:   44-block  5
        1:   44-block  6
    $$$$$:   44-block  7
    $$$$$:   44-block  8
    $$$$$:   44-block  9
    $$$$$:   44-block 10
    $$$$$:   44-block 11
    $$$$$:   44-block 12
    $$$$$:   44-block 13
    $$$$$:   44-block 14
    $$$$$:   44-block 15
    $$$$$:   44-block 16
    $$$$$:   44-block 17
    $$$$$:   44-block 18
        -:   45:
       1*:   46:    EXPECT_NEAR(densidadPoblacion(t), 0.062,0.001);
        1:   46-block  0
        1:   46-block  1
    %%%%%:   46-block  2
    %%%%%:   46-block  3
    %%%%%:   46-block  4
    %%%%%:   46-block  5
    %%%%%:   46-block  6
        1:   46-block  7
    $$$$$:   46-block  8
    $$$$$:   46-block  9
    $$$$$:   46-block 10
    $$$$$:   46-block 11
    $$$$$:   46-block 12
        1:   47:}
------------------
_ZN38densidadPoblacionTEST_unoSoloVivo_TestC1Ev:
        1:   40:TEST(densidadPoblacionTEST, unoSoloVivo){
        1:   40-block  0
------------------
