        -:    0:Source:/cygdrive/c/Users/Juan/Desktop/TPI-toroide/tests/EJ06_evolucionDePosicionTEST.cpp
        -:    0:Graph:/cygdrive/c/Users/Juan/Desktop/TPI-toroide/cmake-build-debug/CMakeFiles/juegoDeLaVida.dir/tests/EJ06_evolucionDePosicionTEST.gcno
        -:    0:Data:/cygdrive/c/Users/Juan/Desktop/TPI-toroide/cmake-build-debug/CMakeFiles/juegoDeLaVida.dir/tests/EJ06_evolucionDePosicionTEST.gcda
        -:    0:Runs:1
        -:    1:#include "../ejercicios.h"
        -:    2:#include "gtest/gtest.h"
        -:    3:
        -:    4:using namespace std;
        -:    5:
        2:    6:TEST(evolucionDePosicionTEST, toroideDiagonalTresPorTres){
        7:    7:    toroide t = { {true, false, false}, {false, true, false}, {false, false, true} };
       1*:    8:    EXPECT_TRUE(evolucionDePosicion(t, make_pair(1,1)));
        1:    9:}
------------------
_ZN55evolucionDePosicionTEST_toroideDiagonalTresPorTres_Test8TestBodyEv:
        1:    6:TEST(evolucionDePosicionTEST, toroideDiagonalTresPorTres){
        7:    7:    toroide t = { {true, false, false}, {false, true, false}, {false, false, true} };
        1:    7-block  0
        1:    7-block  1
        1:    7-block  2
        1:    7-block  3
        3:    7-block  4
        1:    7-block  5
    $$$$$:    7-block  6
    $$$$$:    7-block  7
    $$$$$:    7-block  8
    $$$$$:    7-block  9
    $$$$$:    7-block 10
    $$$$$:    7-block 11
    $$$$$:    7-block 12
    $$$$$:    7-block 13
    $$$$$:    7-block 14
    $$$$$:    7-block 15
       1*:    8:    EXPECT_TRUE(evolucionDePosicion(t, make_pair(1,1)));
        1:    8-block  0
        1:    8-block  1
        1:    8-block  2
    %%%%%:    8-block  3
    %%%%%:    8-block  4
    %%%%%:    8-block  5
    %%%%%:    8-block  6
    %%%%%:    8-block  7
        1:    8-block  8
    $$$$$:    8-block  9
    $$$$$:    8-block 10
    $$$$$:    8-block 11
    $$$$$:    8-block 12
    $$$$$:    8-block 13
    $$$$$:    8-block 14
    $$$$$:    8-block 15
    $$$$$:    8-block 16
    $$$$$:    8-block 17
    $$$$$:    8-block 18
        1:    9:}
------------------
_ZN55evolucionDePosicionTEST_toroideDiagonalTresPorTres_TestC1Ev:
        1:    6:TEST(evolucionDePosicionTEST, toroideDiagonalTresPorTres){
        1:    6-block  0
------------------
        -:   10:
        2:   11:TEST(evolucionDePosicionTEST, NoRevivePorCincoVecinosVivos){
        7:   12:    toroide t = { {false, true, true}, {false, true, false}, {false, true, true}};
       1*:   13:    EXPECT_FALSE(evolucionDePosicion(t, make_pair(1,0)));
        1:   14:}
------------------
_ZN57evolucionDePosicionTEST_NoRevivePorCincoVecinosVivos_Test8TestBodyEv:
        1:   11:TEST(evolucionDePosicionTEST, NoRevivePorCincoVecinosVivos){
        7:   12:    toroide t = { {false, true, true}, {false, true, false}, {false, true, true}};
        1:   12-block  0
        1:   12-block  1
        1:   12-block  2
        1:   12-block  3
        3:   12-block  4
        1:   12-block  5
    $$$$$:   12-block  6
    $$$$$:   12-block  7
    $$$$$:   12-block  8
    $$$$$:   12-block  9
    $$$$$:   12-block 10
    $$$$$:   12-block 11
    $$$$$:   12-block 12
    $$$$$:   12-block 13
    $$$$$:   12-block 14
    $$$$$:   12-block 15
       1*:   13:    EXPECT_FALSE(evolucionDePosicion(t, make_pair(1,0)));
        1:   13-block  0
        1:   13-block  1
        1:   13-block  2
    %%%%%:   13-block  3
    %%%%%:   13-block  4
    %%%%%:   13-block  5
    %%%%%:   13-block  6
    %%%%%:   13-block  7
        1:   13-block  8
    $$$$$:   13-block  9
    $$$$$:   13-block 10
    $$$$$:   13-block 11
    $$$$$:   13-block 12
    $$$$$:   13-block 13
    $$$$$:   13-block 14
    $$$$$:   13-block 15
    $$$$$:   13-block 16
    $$$$$:   13-block 17
    $$$$$:   13-block 18
        1:   14:}
------------------
_ZN57evolucionDePosicionTEST_NoRevivePorCincoVecinosVivos_TestC1Ev:
        1:   11:TEST(evolucionDePosicionTEST, NoRevivePorCincoVecinosVivos){
        1:   11-block  0
------------------
        -:   15:
        -:   16:
        -:   17:/*###Nuestro TEST####*/
        -:   18:
        2:   19:TEST(evolucionDePosicionTEST, viveGraciasADosVecinos){
        7:   20:    toroide t = { {true, true, true}, {false, false, false}, {false, false, false}};
       1*:   21:    EXPECT_TRUE(evolucionDePosicion(t, make_pair(0,1)));
        1:   22:}
------------------
_ZN51evolucionDePosicionTEST_viveGraciasADosVecinos_Test8TestBodyEv:
        1:   19:TEST(evolucionDePosicionTEST, viveGraciasADosVecinos){
        7:   20:    toroide t = { {true, true, true}, {false, false, false}, {false, false, false}};
        1:   20-block  0
        1:   20-block  1
        1:   20-block  2
        1:   20-block  3
        3:   20-block  4
        1:   20-block  5
    $$$$$:   20-block  6
    $$$$$:   20-block  7
    $$$$$:   20-block  8
    $$$$$:   20-block  9
    $$$$$:   20-block 10
    $$$$$:   20-block 11
    $$$$$:   20-block 12
    $$$$$:   20-block 13
    $$$$$:   20-block 14
    $$$$$:   20-block 15
       1*:   21:    EXPECT_TRUE(evolucionDePosicion(t, make_pair(0,1)));
        1:   21-block  0
        1:   21-block  1
        1:   21-block  2
    %%%%%:   21-block  3
    %%%%%:   21-block  4
    %%%%%:   21-block  5
    %%%%%:   21-block  6
    %%%%%:   21-block  7
        1:   21-block  8
    $$$$$:   21-block  9
    $$$$$:   21-block 10
    $$$$$:   21-block 11
    $$$$$:   21-block 12
    $$$$$:   21-block 13
    $$$$$:   21-block 14
    $$$$$:   21-block 15
    $$$$$:   21-block 16
    $$$$$:   21-block 17
    $$$$$:   21-block 18
        1:   22:}
------------------
_ZN51evolucionDePosicionTEST_viveGraciasADosVecinos_TestC1Ev:
        1:   19:TEST(evolucionDePosicionTEST, viveGraciasADosVecinos){
        1:   19-block  0
------------------
        -:   23:
        -:   24:
        2:   25:TEST(evolucionDePosicionTEST, SigueVivaGraciasATresVecinos){
        7:   26:    toroide t = { {true, true, true}, {false, true, false}, {false, false, false}};
       1*:   27:    EXPECT_TRUE(evolucionDePosicion(t, make_pair(0,1)));
        1:   28:}
------------------
_ZN57evolucionDePosicionTEST_SigueVivaGraciasATresVecinos_Test8TestBodyEv:
        1:   25:TEST(evolucionDePosicionTEST, SigueVivaGraciasATresVecinos){
        7:   26:    toroide t = { {true, true, true}, {false, true, false}, {false, false, false}};
        1:   26-block  0
        1:   26-block  1
        1:   26-block  2
        1:   26-block  3
        3:   26-block  4
        1:   26-block  5
    $$$$$:   26-block  6
    $$$$$:   26-block  7
    $$$$$:   26-block  8
    $$$$$:   26-block  9
    $$$$$:   26-block 10
    $$$$$:   26-block 11
    $$$$$:   26-block 12
    $$$$$:   26-block 13
    $$$$$:   26-block 14
    $$$$$:   26-block 15
       1*:   27:    EXPECT_TRUE(evolucionDePosicion(t, make_pair(0,1)));
        1:   27-block  0
        1:   27-block  1
        1:   27-block  2
    %%%%%:   27-block  3
    %%%%%:   27-block  4
    %%%%%:   27-block  5
    %%%%%:   27-block  6
    %%%%%:   27-block  7
        1:   27-block  8
    $$$$$:   27-block  9
    $$$$$:   27-block 10
    $$$$$:   27-block 11
    $$$$$:   27-block 12
    $$$$$:   27-block 13
    $$$$$:   27-block 14
    $$$$$:   27-block 15
    $$$$$:   27-block 16
    $$$$$:   27-block 17
    $$$$$:   27-block 18
        1:   28:}
------------------
_ZN57evolucionDePosicionTEST_SigueVivaGraciasATresVecinos_TestC1Ev:
        1:   25:TEST(evolucionDePosicionTEST, SigueVivaGraciasATresVecinos){
        1:   25-block  0
------------------
        -:   29:
        2:   30:TEST(evolucionDePosicionTEST, estabaMuertaYReviveGraciasATresVecinos){
        7:   31:    toroide t = { {true, true, true}, {false, false, false}, {false, false, false}};
       1*:   32:    EXPECT_TRUE(evolucionDePosicion(t, make_pair(1,1)));
        1:   33:}
------------------
_ZN67evolucionDePosicionTEST_estabaMuertaYReviveGraciasATresVecinos_Test8TestBodyEv:
        1:   30:TEST(evolucionDePosicionTEST, estabaMuertaYReviveGraciasATresVecinos){
        7:   31:    toroide t = { {true, true, true}, {false, false, false}, {false, false, false}};
        1:   31-block  0
        1:   31-block  1
        1:   31-block  2
        1:   31-block  3
        3:   31-block  4
        1:   31-block  5
    $$$$$:   31-block  6
    $$$$$:   31-block  7
    $$$$$:   31-block  8
    $$$$$:   31-block  9
    $$$$$:   31-block 10
    $$$$$:   31-block 11
    $$$$$:   31-block 12
    $$$$$:   31-block 13
    $$$$$:   31-block 14
    $$$$$:   31-block 15
       1*:   32:    EXPECT_TRUE(evolucionDePosicion(t, make_pair(1,1)));
        1:   32-block  0
        1:   32-block  1
        1:   32-block  2
    %%%%%:   32-block  3
    %%%%%:   32-block  4
    %%%%%:   32-block  5
    %%%%%:   32-block  6
    %%%%%:   32-block  7
        1:   32-block  8
    $$$$$:   32-block  9
    $$$$$:   32-block 10
    $$$$$:   32-block 11
    $$$$$:   32-block 12
    $$$$$:   32-block 13
    $$$$$:   32-block 14
    $$$$$:   32-block 15
    $$$$$:   32-block 16
    $$$$$:   32-block 17
    $$$$$:   32-block 18
        1:   33:}
------------------
_ZN67evolucionDePosicionTEST_estabaMuertaYReviveGraciasATresVecinos_TestC1Ev:
        1:   30:TEST(evolucionDePosicionTEST, estabaMuertaYReviveGraciasATresVecinos){
        1:   30-block  0
------------------
        -:   34:
        -:   35:
        2:   36:TEST(evolucionDePosicionTEST, muereDeSoledad){
        7:   37:    toroide t = { {false, false, false}, {false, true, false}, {false, false, false}};
       1*:   38:    EXPECT_FALSE(evolucionDePosicion(t, make_pair(1,1)));
        1:   39:}
------------------
_ZN43evolucionDePosicionTEST_muereDeSoledad_Test8TestBodyEv:
        1:   36:TEST(evolucionDePosicionTEST, muereDeSoledad){
        7:   37:    toroide t = { {false, false, false}, {false, true, false}, {false, false, false}};
        1:   37-block  0
        1:   37-block  1
        1:   37-block  2
        1:   37-block  3
        3:   37-block  4
        1:   37-block  5
    $$$$$:   37-block  6
    $$$$$:   37-block  7
    $$$$$:   37-block  8
    $$$$$:   37-block  9
    $$$$$:   37-block 10
    $$$$$:   37-block 11
    $$$$$:   37-block 12
    $$$$$:   37-block 13
    $$$$$:   37-block 14
    $$$$$:   37-block 15
       1*:   38:    EXPECT_FALSE(evolucionDePosicion(t, make_pair(1,1)));
        1:   38-block  0
        1:   38-block  1
        1:   38-block  2
    %%%%%:   38-block  3
    %%%%%:   38-block  4
    %%%%%:   38-block  5
    %%%%%:   38-block  6
    %%%%%:   38-block  7
        1:   38-block  8
    $$$$$:   38-block  9
    $$$$$:   38-block 10
    $$$$$:   38-block 11
    $$$$$:   38-block 12
    $$$$$:   38-block 13
    $$$$$:   38-block 14
    $$$$$:   38-block 15
    $$$$$:   38-block 16
    $$$$$:   38-block 17
    $$$$$:   38-block 18
        1:   39:}
------------------
_ZN43evolucionDePosicionTEST_muereDeSoledad_TestC1Ev:
        1:   36:TEST(evolucionDePosicionTEST, muereDeSoledad){
        1:   36-block  0
------------------
        -:   40:
        -:   41:
        2:   42:TEST(evolucionDePosicionTEST, muerenLasDosSolitas){//porque ambas tiene un solo vecino
        7:   43:    toroide t = { {false, false, false}, {true, true, false}, {false, false, false}};
       1*:   44:    EXPECT_FALSE(evolucionDePosicion(t, make_pair(1,0)));
       1*:   45:    EXPECT_FALSE(evolucionDePosicion(t, make_pair(1,1)));
        1:   46:}
------------------
_ZN48evolucionDePosicionTEST_muerenLasDosSolitas_Test8TestBodyEv:
        1:   42:TEST(evolucionDePosicionTEST, muerenLasDosSolitas){//porque ambas tiene un solo vecino
        7:   43:    toroide t = { {false, false, false}, {true, true, false}, {false, false, false}};
        1:   43-block  0
        1:   43-block  1
        1:   43-block  2
        1:   43-block  3
        3:   43-block  4
        1:   43-block  5
    $$$$$:   43-block  6
    $$$$$:   43-block  7
    $$$$$:   43-block  8
    $$$$$:   43-block  9
    $$$$$:   43-block 10
    $$$$$:   43-block 11
    $$$$$:   43-block 12
    $$$$$:   43-block 13
    $$$$$:   43-block 14
    $$$$$:   43-block 15
       1*:   44:    EXPECT_FALSE(evolucionDePosicion(t, make_pair(1,0)));
        1:   44-block  0
        1:   44-block  1
        1:   44-block  2
    %%%%%:   44-block  3
    %%%%%:   44-block  4
    %%%%%:   44-block  5
    %%%%%:   44-block  6
    %%%%%:   44-block  7
        1:   44-block  8
    $$$$$:   44-block  9
    $$$$$:   44-block 10
    $$$$$:   44-block 11
    $$$$$:   44-block 12
    $$$$$:   44-block 13
    $$$$$:   44-block 14
    $$$$$:   44-block 15
    $$$$$:   44-block 16
    $$$$$:   44-block 17
    $$$$$:   44-block 18
       1*:   45:    EXPECT_FALSE(evolucionDePosicion(t, make_pair(1,1)));
        1:   45-block  0
        1:   45-block  1
        1:   45-block  2
    %%%%%:   45-block  3
    %%%%%:   45-block  4
    %%%%%:   45-block  5
    %%%%%:   45-block  6
    %%%%%:   45-block  7
        1:   45-block  8
    $$$$$:   45-block  9
    $$$$$:   45-block 10
    $$$$$:   45-block 11
    $$$$$:   45-block 12
    $$$$$:   45-block 13
    $$$$$:   45-block 14
    $$$$$:   45-block 15
    $$$$$:   45-block 16
    $$$$$:   45-block 17
    $$$$$:   45-block 18
        1:   46:}
------------------
_ZN48evolucionDePosicionTEST_muerenLasDosSolitas_TestC1Ev:
        1:   42:TEST(evolucionDePosicionTEST, muerenLasDosSolitas){//porque ambas tiene un solo vecino
        1:   42-block  0
------------------
        -:   47:
        -:   48:
