        -:    0:Source:/cygdrive/c/Users/Juan/Desktop/TPI-toroide/tests/EJ09_esPeriodicoTEST.cpp
        -:    0:Graph:/cygdrive/c/Users/Juan/Desktop/TPI-toroide/cmake-build-debug/CMakeFiles/juegoDeLaVida.dir/tests/EJ09_esPeriodicoTEST.gcno
        -:    0:Data:/cygdrive/c/Users/Juan/Desktop/TPI-toroide/cmake-build-debug/CMakeFiles/juegoDeLaVida.dir/tests/EJ09_esPeriodicoTEST.gcda
        -:    0:Runs:1
        -:    1:#include "../ejercicios.h"
        -:    2:#include "gtest/gtest.h"
        -:    3:#include <algorithm>
        -:    4:
        -:    5:using namespace std;
        -:    6:
        2:    7:TEST(esPeriodicoTEST, toroideHorizontalPeriodico2){
        -:    8:    toroide t = { 
        -:    9:                  {false, false, false, false, false}, 
        -:   10:                  {false, false, false, false, false}, 
        -:   11:                  {false, true, true, true, false},
        -:   12:                  {false, false, false, false, false}, 
        9:   13:                  {false, false,false, false, false} };
        -:   14:    int p;
        1:   15:    bool res = esPeriodico(t, p);
       1*:   16:    EXPECT_TRUE(res);
       1*:   17:    EXPECT_EQ(p, 2);
        1:   18:}
------------------
_ZN48esPeriodicoTEST_toroideHorizontalPeriodico2_Test8TestBodyEv:
        1:    7:TEST(esPeriodicoTEST, toroideHorizontalPeriodico2){
        -:    8:    toroide t = { 
        -:    9:                  {false, false, false, false, false}, 
        -:   10:                  {false, false, false, false, false}, 
        -:   11:                  {false, true, true, true, false},
        -:   12:                  {false, false, false, false, false}, 
        9:   13:                  {false, false,false, false, false} };
        1:   13-block  0
        1:   13-block  1
        1:   13-block  2
        1:   13-block  3
        1:   13-block  4
        1:   13-block  5
        5:   13-block  6
        1:   13-block  7
    $$$$$:   13-block  8
    $$$$$:   13-block  9
    $$$$$:   13-block 10
    $$$$$:   13-block 11
    $$$$$:   13-block 12
    $$$$$:   13-block 13
    $$$$$:   13-block 14
    $$$$$:   13-block 15
    $$$$$:   13-block 16
    $$$$$:   13-block 17
    $$$$$:   13-block 18
    $$$$$:   13-block 19
    $$$$$:   13-block 20
    $$$$$:   13-block 21
        -:   14:    int p;
        1:   15:    bool res = esPeriodico(t, p);
       1*:   16:    EXPECT_TRUE(res);
        1:   16-block  0
        1:   16-block  1
    %%%%%:   16-block  2
    %%%%%:   16-block  3
    %%%%%:   16-block  4
    %%%%%:   16-block  5
    %%%%%:   16-block  6
        1:   16-block  7
    $$$$$:   16-block  8
    $$$$$:   16-block  9
    $$$$$:   16-block 10
    $$$$$:   16-block 11
    $$$$$:   16-block 12
    $$$$$:   16-block 13
    $$$$$:   16-block 14
       1*:   17:    EXPECT_EQ(p, 2);
        1:   17-block  0
    %%%%%:   17-block  1
    %%%%%:   17-block  2
    %%%%%:   17-block  3
    %%%%%:   17-block  4
    %%%%%:   17-block  5
        1:   17-block  6
    $$$$$:   17-block  7
    $$$$$:   17-block  8
    $$$$$:   17-block  9
    $$$$$:   17-block 10
    $$$$$:   17-block 11
    $$$$$:   17-block 12
        1:   18:}
------------------
_ZN48esPeriodicoTEST_toroideHorizontalPeriodico2_TestC1Ev:
        1:    7:TEST(esPeriodicoTEST, toroideHorizontalPeriodico2){
        1:    7-block  0
------------------
        -:   19:
        -:   20:/*##########Nuestros TEST#######*/
        2:   21:TEST(esPeriodicoTEST, cuadradoDeDosPorDosViveParaSiempre){
        -:   22:    toroide t = {
        -:   23:            {false, false, false, false, false},
        -:   24:            {false, false, true,true, false},
        -:   25:            {false, false, true, true, false},
        -:   26:            {false, false, false, false, false},
        9:   27:            {false, false,false, false, false} };
        -:   28:    int p;
        1:   29:    bool res = esPeriodico(t, p);
       1*:   30:    EXPECT_TRUE(res);
       1*:   31:    EXPECT_EQ(p,1);
        1:   32:}
------------------
_ZN55esPeriodicoTEST_cuadradoDeDosPorDosViveParaSiempre_Test8TestBodyEv:
        1:   21:TEST(esPeriodicoTEST, cuadradoDeDosPorDosViveParaSiempre){
        -:   22:    toroide t = {
        -:   23:            {false, false, false, false, false},
        -:   24:            {false, false, true,true, false},
        -:   25:            {false, false, true, true, false},
        -:   26:            {false, false, false, false, false},
        9:   27:            {false, false,false, false, false} };
        1:   27-block  0
        1:   27-block  1
        1:   27-block  2
        1:   27-block  3
        1:   27-block  4
        1:   27-block  5
        5:   27-block  6
        1:   27-block  7
    $$$$$:   27-block  8
    $$$$$:   27-block  9
    $$$$$:   27-block 10
    $$$$$:   27-block 11
    $$$$$:   27-block 12
    $$$$$:   27-block 13
    $$$$$:   27-block 14
    $$$$$:   27-block 15
    $$$$$:   27-block 16
    $$$$$:   27-block 17
    $$$$$:   27-block 18
    $$$$$:   27-block 19
    $$$$$:   27-block 20
    $$$$$:   27-block 21
        -:   28:    int p;
        1:   29:    bool res = esPeriodico(t, p);
       1*:   30:    EXPECT_TRUE(res);
        1:   30-block  0
        1:   30-block  1
    %%%%%:   30-block  2
    %%%%%:   30-block  3
    %%%%%:   30-block  4
    %%%%%:   30-block  5
    %%%%%:   30-block  6
        1:   30-block  7
    $$$$$:   30-block  8
    $$$$$:   30-block  9
    $$$$$:   30-block 10
    $$$$$:   30-block 11
    $$$$$:   30-block 12
    $$$$$:   30-block 13
    $$$$$:   30-block 14
       1*:   31:    EXPECT_EQ(p,1);
        1:   31-block  0
    %%%%%:   31-block  1
    %%%%%:   31-block  2
    %%%%%:   31-block  3
    %%%%%:   31-block  4
    %%%%%:   31-block  5
        1:   31-block  6
    $$$$$:   31-block  7
    $$$$$:   31-block  8
    $$$$$:   31-block  9
    $$$$$:   31-block 10
    $$$$$:   31-block 11
    $$$$$:   31-block 12
        1:   32:}
------------------
_ZN55esPeriodicoTEST_cuadradoDeDosPorDosViveParaSiempre_TestC1Ev:
        1:   21:TEST(esPeriodicoTEST, cuadradoDeDosPorDosViveParaSiempre){
        1:   21-block  0
------------------
        -:   33:
        -:   34:
        -:   35:
        2:   36:TEST(esPeriodicoTEST,muereDespuesDeUnSoloTick){
        -:   37:    toroide t = {{false,false,false,false,false},
        -:   38:                 {false,false, true,false,false},
        -:   39:                 {false,false, true,false,false},
        8:   40:                 {false,false,false,false,false}};
        -:   41:    int p;
        1:   42:    int p0=p;
        1:   43:    bool res = esPeriodico(t, p);
       1*:   44:    EXPECT_FALSE(res);
       1*:   45:    EXPECT_EQ(p,p0);
        1:   46:}
------------------
_ZN45esPeriodicoTEST_muereDespuesDeUnSoloTick_Test8TestBodyEv:
        1:   36:TEST(esPeriodicoTEST,muereDespuesDeUnSoloTick){
        -:   37:    toroide t = {{false,false,false,false,false},
        -:   38:                 {false,false, true,false,false},
        -:   39:                 {false,false, true,false,false},
        8:   40:                 {false,false,false,false,false}};
        1:   40-block  0
        1:   40-block  1
        1:   40-block  2
        1:   40-block  3
        1:   40-block  4
        4:   40-block  5
        1:   40-block  6
    $$$$$:   40-block  7
    $$$$$:   40-block  8
    $$$$$:   40-block  9
    $$$$$:   40-block 10
    $$$$$:   40-block 11
    $$$$$:   40-block 12
    $$$$$:   40-block 13
    $$$$$:   40-block 14
    $$$$$:   40-block 15
    $$$$$:   40-block 16
    $$$$$:   40-block 17
    $$$$$:   40-block 18
        -:   41:    int p;
        1:   42:    int p0=p;
        1:   43:    bool res = esPeriodico(t, p);
       1*:   44:    EXPECT_FALSE(res);
        1:   44-block  0
        1:   44-block  1
    %%%%%:   44-block  2
    %%%%%:   44-block  3
    %%%%%:   44-block  4
    %%%%%:   44-block  5
    %%%%%:   44-block  6
        1:   44-block  7
    $$$$$:   44-block  8
    $$$$$:   44-block  9
    $$$$$:   44-block 10
    $$$$$:   44-block 11
    $$$$$:   44-block 12
    $$$$$:   44-block 13
    $$$$$:   44-block 14
    $$$$$:   44-block 15
       1*:   45:    EXPECT_EQ(p,p0);
        1:   45-block  0
    %%%%%:   45-block  1
    %%%%%:   45-block  2
    %%%%%:   45-block  3
    %%%%%:   45-block  4
    %%%%%:   45-block  5
        1:   45-block  6
    $$$$$:   45-block  7
    $$$$$:   45-block  8
    $$$$$:   45-block  9
    $$$$$:   45-block 10
    $$$$$:   45-block 11
        1:   46:}
------------------
_ZN45esPeriodicoTEST_muereDespuesDeUnSoloTick_TestC1Ev:
        1:   36:TEST(esPeriodicoTEST,muereDespuesDeUnSoloTick){
        1:   36-block  0
------------------
        -:   47:
        -:   48:
        -:   49:
        2:   50:TEST(esPeriodicoTEST,muereDespuesDeDosTicks){
        -:   51:    toroide t = {
        -:   52:            {false, false, false, false, false},
        -:   53:            {false, false, true,false, false},
        -:   54:            {false, true, false,true, false},
        -:   55:            {false, false, false, false, false},
        9:   56:            {false, false,false, false, false} };
        -:   57:    int p;
        1:   58:    int p0=p;
        1:   59:    bool res = esPeriodico(t, p);
       1*:   60:    EXPECT_FALSE(res);
       1*:   61:    EXPECT_EQ(p,p0);
        1:   62:}
------------------
_ZN43esPeriodicoTEST_muereDespuesDeDosTicks_Test8TestBodyEv:
        1:   50:TEST(esPeriodicoTEST,muereDespuesDeDosTicks){
        -:   51:    toroide t = {
        -:   52:            {false, false, false, false, false},
        -:   53:            {false, false, true,false, false},
        -:   54:            {false, true, false,true, false},
        -:   55:            {false, false, false, false, false},
        9:   56:            {false, false,false, false, false} };
        1:   56-block  0
        1:   56-block  1
        1:   56-block  2
        1:   56-block  3
        1:   56-block  4
        1:   56-block  5
        5:   56-block  6
        1:   56-block  7
    $$$$$:   56-block  8
    $$$$$:   56-block  9
    $$$$$:   56-block 10
    $$$$$:   56-block 11
    $$$$$:   56-block 12
    $$$$$:   56-block 13
    $$$$$:   56-block 14
    $$$$$:   56-block 15
    $$$$$:   56-block 16
    $$$$$:   56-block 17
    $$$$$:   56-block 18
    $$$$$:   56-block 19
    $$$$$:   56-block 20
    $$$$$:   56-block 21
        -:   57:    int p;
        1:   58:    int p0=p;
        1:   59:    bool res = esPeriodico(t, p);
       1*:   60:    EXPECT_FALSE(res);
        1:   60-block  0
        1:   60-block  1
    %%%%%:   60-block  2
    %%%%%:   60-block  3
    %%%%%:   60-block  4
    %%%%%:   60-block  5
    %%%%%:   60-block  6
        1:   60-block  7
    $$$$$:   60-block  8
    $$$$$:   60-block  9
    $$$$$:   60-block 10
    $$$$$:   60-block 11
    $$$$$:   60-block 12
    $$$$$:   60-block 13
    $$$$$:   60-block 14
    $$$$$:   60-block 15
       1*:   61:    EXPECT_EQ(p,p0);
        1:   61-block  0
    %%%%%:   61-block  1
    %%%%%:   61-block  2
    %%%%%:   61-block  3
    %%%%%:   61-block  4
    %%%%%:   61-block  5
        1:   61-block  6
    $$$$$:   61-block  7
    $$$$$:   61-block  8
    $$$$$:   61-block  9
    $$$$$:   61-block 10
    $$$$$:   61-block 11
        1:   62:}
------------------
_ZN43esPeriodicoTEST_muereDespuesDeDosTicks_TestC1Ev:
        1:   50:TEST(esPeriodicoTEST,muereDespuesDeDosTicks){
        1:   50-block  0
------------------
        -:   63:
