        -:    0:Source:/cygdrive/c/Users/Juan/Desktop/TPI-toroide/tests/EJ12_fusionarTEST.cpp
        -:    0:Graph:/cygdrive/c/Users/Juan/Desktop/TPI-toroide/cmake-build-debug/CMakeFiles/juegoDeLaVida.dir/tests/EJ12_fusionarTEST.gcno
        -:    0:Data:/cygdrive/c/Users/Juan/Desktop/TPI-toroide/cmake-build-debug/CMakeFiles/juegoDeLaVida.dir/tests/EJ12_fusionarTEST.gcda
        -:    0:Runs:1
        -:    1:#include "../ejercicios.h"
        -:    2:#include "gtest/gtest.h"
        -:    3:#include <algorithm>
        -:    4:
        -:    5:using namespace std;
        -:    6:
        2:    7:TEST(fusionarTEST, sinInterseccion){
        -:    8:    toroide t1 = { 
        -:    9:                  {true, false, false},
        -:   10:                  {false, true, false},
        7:   11:                  {false, false, true}}; 
        -:   12:    toroide t2 = { 
        -:   13:                  {false, true, true},
        -:   14:                  {true, false, true},
        7:   15:                  {true, true, false}};
        -:   16:
        -:   17:    toroide tout = {
        -:   18:            {false, false, false},
        -:   19:            {false, false, false},
        7:   20:            {false, false, false}};
        -:   21:
        2:   22:    toroide res = fusionar(t1, t2);
       1*:   23:    EXPECT_EQ(res, tout);
        1:   24:}
------------------
_ZN33fusionarTEST_sinInterseccion_Test8TestBodyEv:
        1:    7:TEST(fusionarTEST, sinInterseccion){
        -:    8:    toroide t1 = { 
        -:    9:                  {true, false, false},
        -:   10:                  {false, true, false},
        7:   11:                  {false, false, true}}; 
        1:   11-block  0
        1:   11-block  1
        1:   11-block  2
        1:   11-block  3
        3:   11-block  4
        1:   11-block  5
    $$$$$:   11-block  6
    $$$$$:   11-block  7
    $$$$$:   11-block  8
    $$$$$:   11-block  9
    $$$$$:   11-block 10
    $$$$$:   11-block 11
    $$$$$:   11-block 12
    $$$$$:   11-block 13
    $$$$$:   11-block 14
    $$$$$:   11-block 15
        -:   12:    toroide t2 = { 
        -:   13:                  {false, true, true},
        -:   14:                  {true, false, true},
        7:   15:                  {true, true, false}};
        1:   15-block  0
        1:   15-block  1
        1:   15-block  2
        3:   15-block  3
        1:   15-block  4
    $$$$$:   15-block  5
    $$$$$:   15-block  6
    $$$$$:   15-block  7
    $$$$$:   15-block  8
    $$$$$:   15-block  9
    $$$$$:   15-block 10
    $$$$$:   15-block 11
    $$$$$:   15-block 12
    $$$$$:   15-block 13
    $$$$$:   15-block 14
        -:   16:
        -:   17:    toroide tout = {
        -:   18:            {false, false, false},
        -:   19:            {false, false, false},
        7:   20:            {false, false, false}};
        1:   20-block  0
        1:   20-block  1
        1:   20-block  2
        3:   20-block  3
        1:   20-block  4
    $$$$$:   20-block  5
    $$$$$:   20-block  6
    $$$$$:   20-block  7
    $$$$$:   20-block  8
    $$$$$:   20-block  9
    $$$$$:   20-block 10
    $$$$$:   20-block 11
    $$$$$:   20-block 12
    $$$$$:   20-block 13
    $$$$$:   20-block 14
        -:   21:
        2:   22:    toroide res = fusionar(t1, t2);
    $$$$$:   22-block  0
       1*:   23:    EXPECT_EQ(res, tout);
        1:   23-block  0
        1:   23-block  1
    %%%%%:   23-block  2
    %%%%%:   23-block  3
    %%%%%:   23-block  4
    %%%%%:   23-block  5
    %%%%%:   23-block  6
        1:   23-block  7
    $$$$$:   23-block  8
    $$$$$:   23-block  9
    $$$$$:   23-block 10
    $$$$$:   23-block 11
    $$$$$:   23-block 12
        1:   24:}
------------------
_ZN33fusionarTEST_sinInterseccion_TestC1Ev:
        1:    7:TEST(fusionarTEST, sinInterseccion){
        1:    7-block  0
------------------
        -:   25:
        -:   26:
        -:   27:/*#####Nuestros TEST#####################*/
        2:   28:TEST(fusionarTEST, unoSoloEnComun){
        -:   29:    toroide t1 = {
        -:   30:            {true, false, false},
        -:   31:            {false,true, false},
        7:   32:            {false, false, true}};
        -:   33:    toroide t2 = {
        -:   34:            {false, false, true},
        -:   35:            {true, true, false},
        7:   36:            {true,false, false}};
        -:   37:
        -:   38:    toroide tout = {
        -:   39:            {false, false, false},
        -:   40:            {false, true, false},
        7:   41:            {false, false, false}};
        -:   42:
        2:   43:    toroide res = fusionar(t1, t2);
       1*:   44:    EXPECT_EQ(res, tout);
        1:   45:}
------------------
_ZN32fusionarTEST_unoSoloEnComun_Test8TestBodyEv:
        1:   28:TEST(fusionarTEST, unoSoloEnComun){
        -:   29:    toroide t1 = {
        -:   30:            {true, false, false},
        -:   31:            {false,true, false},
        7:   32:            {false, false, true}};
        1:   32-block  0
        1:   32-block  1
        1:   32-block  2
        1:   32-block  3
        3:   32-block  4
        1:   32-block  5
    $$$$$:   32-block  6
    $$$$$:   32-block  7
    $$$$$:   32-block  8
    $$$$$:   32-block  9
    $$$$$:   32-block 10
    $$$$$:   32-block 11
    $$$$$:   32-block 12
    $$$$$:   32-block 13
    $$$$$:   32-block 14
    $$$$$:   32-block 15
        -:   33:    toroide t2 = {
        -:   34:            {false, false, true},
        -:   35:            {true, true, false},
        7:   36:            {true,false, false}};
        1:   36-block  0
        1:   36-block  1
        1:   36-block  2
        3:   36-block  3
        1:   36-block  4
    $$$$$:   36-block  5
    $$$$$:   36-block  6
    $$$$$:   36-block  7
    $$$$$:   36-block  8
    $$$$$:   36-block  9
    $$$$$:   36-block 10
    $$$$$:   36-block 11
    $$$$$:   36-block 12
    $$$$$:   36-block 13
    $$$$$:   36-block 14
        -:   37:
        -:   38:    toroide tout = {
        -:   39:            {false, false, false},
        -:   40:            {false, true, false},
        7:   41:            {false, false, false}};
        1:   41-block  0
        1:   41-block  1
        1:   41-block  2
        3:   41-block  3
        1:   41-block  4
    $$$$$:   41-block  5
    $$$$$:   41-block  6
    $$$$$:   41-block  7
    $$$$$:   41-block  8
    $$$$$:   41-block  9
    $$$$$:   41-block 10
    $$$$$:   41-block 11
    $$$$$:   41-block 12
    $$$$$:   41-block 13
    $$$$$:   41-block 14
        -:   42:
        2:   43:    toroide res = fusionar(t1, t2);
    $$$$$:   43-block  0
       1*:   44:    EXPECT_EQ(res, tout);
        1:   44-block  0
        1:   44-block  1
    %%%%%:   44-block  2
    %%%%%:   44-block  3
    %%%%%:   44-block  4
    %%%%%:   44-block  5
    %%%%%:   44-block  6
        1:   44-block  7
    $$$$$:   44-block  8
    $$$$$:   44-block  9
    $$$$$:   44-block 10
    $$$$$:   44-block 11
    $$$$$:   44-block 12
        1:   45:}
------------------
_ZN32fusionarTEST_unoSoloEnComun_TestC1Ev:
        1:   28:TEST(fusionarTEST, unoSoloEnComun){
        1:   28-block  0
------------------
        -:   46:
        2:   47:TEST(fusionarTEST, DosEnComunYDosDiferentes){
        -:   48:    toroide t1 = {
        -:   49:            {true, false, false},
        -:   50:            {true,false, true},
        7:   51:            {false, false,true}};
        -:   52:    toroide t2 = {
        -:   53:            {false, false, false},
        -:   54:            {true, true, true},
        7:   55:            {false,true, false}};
        -:   56:
        -:   57:    toroide tout = {
        -:   58:            {false, false, false},
        -:   59:            {true, false, true},
        7:   60:            {false, false, false}};
        -:   61:
        2:   62:    toroide res = fusionar(t1, t2);
       1*:   63:    EXPECT_EQ(res, tout);
        1:   64:}
------------------
_ZN42fusionarTEST_DosEnComunYDosDiferentes_Test8TestBodyEv:
        1:   47:TEST(fusionarTEST, DosEnComunYDosDiferentes){
        -:   48:    toroide t1 = {
        -:   49:            {true, false, false},
        -:   50:            {true,false, true},
        7:   51:            {false, false,true}};
        1:   51-block  0
        1:   51-block  1
        1:   51-block  2
        1:   51-block  3
        3:   51-block  4
        1:   51-block  5
    $$$$$:   51-block  6
    $$$$$:   51-block  7
    $$$$$:   51-block  8
    $$$$$:   51-block  9
    $$$$$:   51-block 10
    $$$$$:   51-block 11
    $$$$$:   51-block 12
    $$$$$:   51-block 13
    $$$$$:   51-block 14
    $$$$$:   51-block 15
        -:   52:    toroide t2 = {
        -:   53:            {false, false, false},
        -:   54:            {true, true, true},
        7:   55:            {false,true, false}};
        1:   55-block  0
        1:   55-block  1
        1:   55-block  2
        3:   55-block  3
        1:   55-block  4
    $$$$$:   55-block  5
    $$$$$:   55-block  6
    $$$$$:   55-block  7
    $$$$$:   55-block  8
    $$$$$:   55-block  9
    $$$$$:   55-block 10
    $$$$$:   55-block 11
    $$$$$:   55-block 12
    $$$$$:   55-block 13
    $$$$$:   55-block 14
        -:   56:
        -:   57:    toroide tout = {
        -:   58:            {false, false, false},
        -:   59:            {true, false, true},
        7:   60:            {false, false, false}};
        1:   60-block  0
        1:   60-block  1
        1:   60-block  2
        3:   60-block  3
        1:   60-block  4
    $$$$$:   60-block  5
    $$$$$:   60-block  6
    $$$$$:   60-block  7
    $$$$$:   60-block  8
    $$$$$:   60-block  9
    $$$$$:   60-block 10
    $$$$$:   60-block 11
    $$$$$:   60-block 12
    $$$$$:   60-block 13
    $$$$$:   60-block 14
        -:   61:
        2:   62:    toroide res = fusionar(t1, t2);
    $$$$$:   62-block  0
       1*:   63:    EXPECT_EQ(res, tout);
        1:   63-block  0
        1:   63-block  1
    %%%%%:   63-block  2
    %%%%%:   63-block  3
    %%%%%:   63-block  4
    %%%%%:   63-block  5
    %%%%%:   63-block  6
        1:   63-block  7
    $$$$$:   63-block  8
    $$$$$:   63-block  9
    $$$$$:   63-block 10
    $$$$$:   63-block 11
    $$$$$:   63-block 12
        1:   64:}
------------------
_ZN42fusionarTEST_DosEnComunYDosDiferentes_TestC1Ev:
        1:   47:TEST(fusionarTEST, DosEnComunYDosDiferentes){
        1:   47-block  0
------------------
